********************************************************************************
*                     Saturday, April 22, 2017 6:07:57 PM                      *
********************************************************************************
CSharpCompilerWrapper.exe version: 2.0.3.30
Platform: Windows
Target assembly: Assembly-CSharp.dll
Project directory: S:\zulu-circle-game
Target profile directory: C:\Program Files\Unity\Editor\Data\Mono\lib\mono\unity
Unity 'Data' or 'Frameworks' directory: C:/Program Files/Unity/Editor/Data
Compiler: Microsoft C# 6.0

- Compilation -----------------------------------------------

Process: S:\zulu-circle-game\CSharp60Support\Roslyn\csc.exe
Arguments: -nostdlib+ -noconfig -nologo -r:"C:\Program Files\Unity\Editor\Data\Mono\lib\mono\unity\mscorlib.dll" -r:"C:\Program Files\Unity\Editor\Data\Mono\lib\mono\unity\System.dll" -r:"C:\Program Files\Unity\Editor\Data\Mono\lib\mono\unity\System.Core.dll" -r:"C:\Program Files\Unity\Editor\Data\Mono\lib\mono\unity\System.Xml.dll" @Temp/UnityTempFile-a2a54a71a30678846a5b3a8bfe025c6e 
Exit code: 0
Elapsed time: 0.40 sec

- Compiler output (0 lines):

- Compiler errors (2 lines):
0: Assets\Scripts\Generic\SetupNestedPrefabs.cs(31,51): warning CS0649: Field 'SetupNestedPrefabs.Root' is never assigned to, and will always have its default value null
1: Assets\Scripts\Generic\SetupNestedPrefabs.cs(33,53): warning CS0649: Field 'SetupNestedPrefabs.Objects' is never assigned to, and will always have its default value null

- PDB to MDB conversion --------------------------------------

Process: S:\zulu-circle-game\CSharp60Support\Roslyn\pdb2mdb.exe
Arguments: Temp\Assembly-CSharp.dll
Exit code: 0
Elapsed time: 0.03 sec

- pdb2mdb.exe output (0 lines):
********************************************************************************
*                     Saturday, April 22, 2017 6:07:58 PM                      *
********************************************************************************
CSharpCompilerWrapper.exe version: 2.0.3.30
Platform: Windows
Target assembly: Assembly-CSharp-Editor.dll
Project directory: S:\zulu-circle-game
Target profile directory: C:\Program Files\Unity\Editor\Data\Mono\lib\mono\2.0
Unity 'Data' or 'Frameworks' directory: C:/Program Files/Unity/Editor/Data
Compiler: Microsoft C# 6.0

- Compilation -----------------------------------------------

Process: S:\zulu-circle-game\CSharp60Support\Roslyn\csc.exe
Arguments: -nostdlib+ -noconfig -nologo -r:"C:\Program Files\Unity\Editor\Data\Mono\lib\mono\2.0\mscorlib.dll" -r:"C:\Program Files\Unity\Editor\Data\Mono\lib\mono\2.0\System.dll" -r:"C:\Program Files\Unity\Editor\Data\Mono\lib\mono\2.0\System.Core.dll" -r:"C:\Program Files\Unity\Editor\Data\Mono\lib\mono\2.0\System.Xml.dll" @Temp/UnityTempFile-0a45724d96584af4ab64bd77903b9d10 
Exit code: 0
Elapsed time: 0.26 sec

- Compiler output (0 lines):

- Compiler errors (0 lines):

- PDB to MDB conversion --------------------------------------

Process: S:\zulu-circle-game\CSharp60Support\Roslyn\pdb2mdb.exe
Arguments: Temp\Assembly-CSharp-Editor.dll
Exit code: 0
Elapsed time: 0.02 sec

- pdb2mdb.exe output (0 lines):
